<?xml version="1.0" encoding="UTF-8"?>
<!-- Generated by org.testng.reporters.JUnitXMLReporter -->
<testsuite hostname="nbhydcgontla" ignored="0" name="Default test" tests="6" failures="0" timestamp="10 Jul 2018 15:10:39 GMT" time="4.761" errors="0">
  <testcase name="getAllCountries" time="1.877" classname="GroupKTAPIFramework.GroupKTAPIFramework.GetCountryTests"/>
  <testcase name="getCountry" time="0.561" classname="GroupKTAPIFramework.GroupKTAPIFramework.GetCountryTests"/>
  <testcase name="getCountry" time="0.493" classname="GroupKTAPIFramework.GroupKTAPIFramework.GetCountryTests"/>
  <testcase name="getCountry" time="0.474" classname="GroupKTAPIFramework.GroupKTAPIFramework.GetCountryTests"/>
  <testcase name="getCountryWithInvalidCode" time="0.467" classname="GroupKTAPIFramework.GroupKTAPIFramework.GetCountryTests"/>
  <testcase name="postCountry" time="0.486" classname="GroupKTAPIFramework.GroupKTAPIFramework.GetCountryTests"/>
</testsuite> <!-- Default test -->
